[  1320.369] 
X.Org X Server 1.21.1.4
X Protocol Version 11, Revision 0
[  1320.369] Current Operating System: Linux h4cknet 5.19.9-arch1-1 #1 SMP PREEMPT_DYNAMIC Thu, 15 Sep 2022 16:08:26 +0000 x86_64
[  1320.369] Kernel command line: BOOT_IMAGE=/vmlinuz-linux root=UUID=8371b0ca-7d19-4344-a310-f1eff12297ac rw loglevel=3 quiet
[  1320.370]  
[  1320.370] Current version of pixman: 0.40.0
[  1320.371] 	Before reporting problems, check http://wiki.x.org
	to make sure that you have the latest version.
[  1320.371] Markers: (--) probed, (**) from config file, (==) default setting,
	(++) from command line, (!!) notice, (II) informational,
	(WW) warning, (EE) error, (NI) not implemented, (??) unknown.
[  1320.371] (==) Log file: "/home/pr1nce/.local/share/xorg/Xorg.0.log", Time: Sun Sep 25 21:57:18 2022
[  1320.501] (==) Using system config directory "/usr/share/X11/xorg.conf.d"
[  1320.558] (==) No Layout section.  Using the first Screen section.
[  1320.558] (==) No screen section available. Using defaults.
[  1320.558] (**) |-->Screen "Default Screen Section" (0)
[  1320.558] (**) |   |-->Monitor "<default monitor>"
[  1320.559] (==) No monitor specified for screen "Default Screen Section".
	Using a default monitor configuration.
[  1320.559] (==) Automatically adding devices
[  1320.559] (==) Automatically enabling devices
[  1320.559] (==) Automatically adding GPU devices
[  1320.559] (==) Automatically binding GPU devices
[  1320.559] (==) Max clients allowed: 256, resource mask: 0x1fffff
[  1320.570] (WW) The directory "/usr/share/fonts/misc" does not exist.
[  1320.570] 	Entry deleted from font path.
[  1320.595] (WW) `fonts.dir' not found (or not valid) in "/usr/share/fonts/TTF".
[  1320.595] 	Entry deleted from font path.
[  1320.595] 	(Run 'mkfontdir' on "/usr/share/fonts/TTF").
[  1320.595] (WW) The directory "/usr/share/fonts/OTF" does not exist.
[  1320.595] 	Entry deleted from font path.
[  1320.595] (WW) The directory "/usr/share/fonts/Type1" does not exist.
[  1320.595] 	Entry deleted from font path.
[  1320.595] (WW) The directory "/usr/share/fonts/100dpi" does not exist.
[  1320.595] 	Entry deleted from font path.
[  1320.595] (WW) The directory "/usr/share/fonts/75dpi" does not exist.
[  1320.595] 	Entry deleted from font path.
[  1320.595] (==) FontPath set to:
	
[  1320.595] (==) ModulePath set to "/usr/lib/xorg/modules"
[  1320.595] (II) The server relies on udev to provide the list of input devices.
	If no devices become available, reconfigure udev or disable AutoAddDevices.
[  1320.595] (II) Module ABI versions:
[  1320.595] 	X.Org ANSI C Emulation: 0.4
[  1320.595] 	X.Org Video Driver: 25.2
[  1320.595] 	X.Org XInput driver : 24.4
[  1320.595] 	X.Org Server Extension : 10.0
[  1320.597] (++) using VT number 1

[  1320.598] (II) systemd-logind: took control of session /org/freedesktop/login1/session/_31
[  1320.600] (II) xfree86: Adding drm device (/dev/dri/card0)
[  1320.600] (II) Platform probe for /sys/devices/pci0000:00/0000:00:0f.0/drm/card0
[  1320.601] (II) systemd-logind: got fd for /dev/dri/card0 226:0 fd 13 paused 0
[  1320.609] (--) PCI:*(0@0:15:0) 15ad:0405:15ad:0405 rev 0, Mem @ 0xe8000000/134217728, 0xfe000000/8388608, I/O @ 0x00001070/16, BIOS @ 0x????????/131072
[  1320.609] (WW) Open ACPI failed (/var/run/acpid.socket) (No such file or directory)
[  1320.609] (II) LoadModule: "glx"
[  1320.629] (II) Loading /usr/lib/xorg/modules/extensions/libglx.so
[  1320.706] (II) Module glx: vendor="X.Org Foundation"
[  1320.706] 	compiled for 1.21.1.4, module version = 1.0.0
[  1320.706] 	ABI class: X.Org Server Extension, version 10.0
[  1320.706] (==) Matched vmware as autoconfigured driver 0
[  1320.706] (==) Matched modesetting as autoconfigured driver 1
[  1320.706] (==) Matched fbdev as autoconfigured driver 2
[  1320.706] (==) Matched vesa as autoconfigured driver 3
[  1320.706] (==) Assigned the driver to the xf86ConfigLayout
[  1320.706] (II) LoadModule: "vmware"
[  1320.707] (II) Loading /usr/lib/xorg/modules/drivers/vmware_drv.so
[  1322.303] (II) Module vmware: vendor="X.Org Foundation"
[  1322.303] 	compiled for 1.21.1.4, module version = 13.3.0
[  1322.303] 	Module class: X.Org Video Driver
[  1322.303] 	ABI class: X.Org Video Driver, version 25.2
[  1322.303] (II) LoadModule: "modesetting"
[  1322.303] (II) Loading /usr/lib/xorg/modules/drivers/modesetting_drv.so
[  1322.349] (II) Module modesetting: vendor="X.Org Foundation"
[  1322.349] 	compiled for 1.21.1.4, module version = 1.21.1
[  1322.349] 	Module class: X.Org Video Driver
[  1322.349] 	ABI class: X.Org Video Driver, version 25.2
[  1322.349] (II) LoadModule: "fbdev"
[  1322.361] (WW) Warning, couldn't open module fbdev
[  1322.361] (EE) Failed to load module "fbdev" (module does not exist, 0)
[  1322.361] (II) LoadModule: "vesa"
[  1322.361] (WW) Warning, couldn't open module vesa
[  1322.361] (EE) Failed to load module "vesa" (module does not exist, 0)
[  1322.361] (II) vmware: driver for VMware SVGA: vmware0405, vmware0710
[  1322.362] (II) modesetting: Driver for Modesetting Kernel Drivers: kms
[  1322.362] (WW) Falling back to old probe method for modesetting
[  1322.362] (WW) VGA arbiter: cannot open kernel arbiter, no multi-card support
[  1322.362] (II) vmware(0): Creating default Display subsection in Screen section
	"Default Screen Section" for depth/fbbpp 24/32
[  1322.362] (--) vmware(0): DRM driver version is 2.20.0
[  1322.362] (==) vmware(0): Depth 24, (--) framebuffer bpp 32
[  1322.362] (==) vmware(0): RGB weight 888
[  1322.362] (==) vmware(0): Default visual is TrueColor
[  1322.362] (--) vmware(0): Min width 1, Max Width 8192.
[  1322.362] (--) vmware(0): Min height 1, Max Height 8192.
[  1322.362] (II) vmware(0): Output Virtual1 has no monitor section
[  1322.362] (II) vmware(0): Output Virtual2 has no monitor section
[  1322.362] (II) vmware(0): Output Virtual3 has no monitor section
[  1322.362] (II) vmware(0): Output Virtual4 has no monitor section
[  1322.362] (II) vmware(0): Output Virtual5 has no monitor section
[  1322.362] (II) vmware(0): Output Virtual6 has no monitor section
[  1322.362] (II) vmware(0): Output Virtual7 has no monitor section
[  1322.362] (II) vmware(0): Output Virtual8 has no monitor section
[  1322.362] (II) vmware(0): Printing probed modes for output Virtual1
[  1322.362] (II) vmware(0): Modeline "1920x1080"x60.0  152.77  1920 1970 2020 2070  1080 1130 1180 1230 -hsync +vsync (73.8 kHz eP)
[  1322.362] (II) vmware(0): Modeline "3840x2400"x60.0  592.25  3840 3888 3920 4000  2400 2403 2409 2469 +hsync -vsync (148.1 kHz e)
[  1322.362] (II) vmware(0): Modeline "3840x2160"x60.0  533.00  3840 3888 3920 4000  2160 2163 2168 2222 +hsync -vsync (133.2 kHz e)
[  1322.362] (II) vmware(0): Modeline "2880x1800"x59.9  337.50  2880 2928 2960 3040  1800 1803 1809 1852 +hsync -vsync (111.0 kHz e)
[  1322.362] (II) vmware(0): Modeline "2560x1600"x60.0  348.50  2560 2752 3032 3504  1600 1603 1609 1658 -hsync +vsync (99.5 kHz e)
[  1322.362] (II) vmware(0): Modeline "2560x1440"x60.0  241.50  2560 2608 2640 2720  1440 1443 1448 1481 +hsync -vsync (88.8 kHz e)
[  1322.362] (II) vmware(0): Modeline "1920x1440"x60.0  234.00  1920 2048 2256 2600  1440 1441 1444 1500 -hsync +vsync (90.0 kHz e)
[  1322.362] (II) vmware(0): Modeline "1856x1392"x60.0  218.25  1856 1952 2176 2528  1392 1393 1396 1439 -hsync +vsync (86.3 kHz e)
[  1322.362] (II) vmware(0): Modeline "1792x1344"x60.0  204.75  1792 1920 2120 2448  1344 1345 1348 1394 -hsync +vsync (83.6 kHz e)
[  1322.362] (II) vmware(0): Modeline "1920x1200"x59.9  193.25  1920 2056 2256 2592  1200 1203 1209 1245 -hsync +vsync (74.6 kHz e)
[  1322.362] (II) vmware(0): Modeline "1920x1080"x60.0  173.00  1920 2048 2248 2576  1080 1083 1088 1120 -hsync +vsync (67.2 kHz e)
[  1322.362] (II) vmware(0): Modeline "1600x1200"x60.0  162.00  1600 1664 1856 2160  1200 1201 1204 1250 +hsync +vsync (75.0 kHz e)
[  1322.362] (II) vmware(0): Modeline "1680x1050"x60.0  146.25  1680 1784 1960 2240  1050 1053 1059 1089 -hsync +vsync (65.3 kHz e)
[  1322.362] (II) vmware(0): Modeline "1400x1050"x60.0  121.75  1400 1488 1632 1864  1050 1053 1057 1089 -hsync +vsync (65.3 kHz e)
[  1322.362] (II) vmware(0): Modeline "1280x1024"x60.0  108.00  1280 1328 1440 1688  1024 1025 1028 1066 +hsync +vsync (64.0 kHz e)
[  1322.363] (II) vmware(0): Modeline "1440x900"x59.9  106.50  1440 1520 1672 1904  900 903 909 934 -hsync +vsync (55.9 kHz e)
[  1322.363] (II) vmware(0): Modeline "1280x960"x60.0  108.00  1280 1376 1488 1800  960 961 964 1000 +hsync +vsync (60.0 kHz e)
[  1322.363] (II) vmware(0): Modeline "1360x768"x60.0   85.50  1360 1424 1536 1792  768 771 777 795 +hsync +vsync (47.7 kHz e)
[  1322.363] (II) vmware(0): Modeline "1280x800"x59.8   83.50  1280 1352 1480 1680  800 803 809 831 +hsync -vsync (49.7 kHz e)
[  1322.363] (II) vmware(0): Modeline "1152x864"x75.0  108.00  1152 1216 1344 1600  864 865 868 900 +hsync +vsync (67.5 kHz e)
[  1322.363] (II) vmware(0): Modeline "1280x768"x59.9   79.50  1280 1344 1472 1664  768 771 778 798 -hsync +vsync (47.8 kHz e)
[  1322.363] (II) vmware(0): Modeline "1280x720"x59.9   74.50  1280 1344 1472 1664  720 723 728 748 -hsync +vsync (44.8 kHz e)
[  1322.363] (II) vmware(0): Modeline "1024x768"x60.0   65.00  1024 1048 1184 1344  768 771 777 806 -hsync -vsync (48.4 kHz e)
[  1322.363] (II) vmware(0): Modeline "800x600"x60.3   40.00  800 840 968 1056  600 601 605 628 +hsync +vsync (37.9 kHz e)
[  1322.363] (II) vmware(0): Modeline "640x480"x59.9   25.18  640 656 752 800  480 489 492 525 -hsync -vsync (31.5 kHz e)
[  1322.363] (II) vmware(0): EDID for output Virtual2
[  1322.363] (II) vmware(0): EDID for output Virtual3
[  1322.363] (II) vmware(0): EDID for output Virtual4
[  1322.363] (II) vmware(0): EDID for output Virtual5
[  1322.363] (II) vmware(0): EDID for output Virtual6
[  1322.363] (II) vmware(0): EDID for output Virtual7
[  1322.363] (II) vmware(0): EDID for output Virtual8
[  1322.363] (II) vmware(0): Output Virtual1 connected
[  1322.363] (II) vmware(0): Output Virtual2 disconnected
[  1322.363] (II) vmware(0): Output Virtual3 disconnected
[  1322.363] (II) vmware(0): Output Virtual4 disconnected
[  1322.363] (II) vmware(0): Output Virtual5 disconnected
[  1322.363] (II) vmware(0): Output Virtual6 disconnected
[  1322.363] (II) vmware(0): Output Virtual7 disconnected
[  1322.363] (II) vmware(0): Output Virtual8 disconnected
[  1322.363] (II) vmware(0): Using exact sizes for initial modes
[  1322.363] (II) vmware(0): Output Virtual1 using initial mode 1920x1080 +0+0
[  1322.363] (==) vmware(0): DPI set to (96, 96)
[  1322.363] (==) vmware(0): Using gamma correction (1.0, 1.0, 1.0)
[  1322.363] (II) Loading sub module "fb"
[  1322.363] (II) LoadModule: "fb"
[  1322.363] (II) Module "fb" already built-in
[  1322.363] (II) Loading sub module "dri2"
[  1322.363] (II) LoadModule: "dri2"
[  1322.363] (II) Module "dri2" already built-in
[  1322.363] (II) Loading sub module "dri3"
[  1322.363] (II) LoadModule: "dri3"
[  1322.363] (II) Module "dri3" already built-in
[  1322.363] (II) UnloadModule: "modesetting"
[  1322.363] (II) Unloading modesetting
[  1322.374] (II) vmware(0): Initialized VMWARE_CTRL extension version 0.2
[  1322.511] (WW) vmware(0): Failed to initialize Gallium3D Xa. No render acceleration available.
[  1322.511] (WW) vmware(0): Skipped initialization of direct rendering due to lack of render acceleration.
[  1322.511] (--) vmware(0): Render acceleration is disabled.
[  1322.511] (==) vmware(0): Rendercheck mode is disabled.
[  1322.511] (--) vmware(0): Direct rendering (DRI2 3D) is disabled.
[  1322.511] (--) vmware(0): Direct rendering (DRI3 3D) is disabled.
[  1322.511] (==) vmware(0): Backing store enabled
[  1322.511] (==) vmware(0): Silken mouse enabled
[  1322.526] (==) vmware(0): DPMS enabled
[  1322.526] (II) vmware(0): No 3D acceleration. Not setting up textured video.
[  1322.528] (II) Initializing extension Generic Event Extension
[  1322.528] (II) Initializing extension SHAPE
[  1322.528] (II) Initializing extension MIT-SHM
[  1322.528] (II) Initializing extension XInputExtension
[  1322.538] (II) Initializing extension XTEST
[  1322.538] (II) Initializing extension BIG-REQUESTS
[  1322.538] (II) Initializing extension SYNC
[  1322.538] (II) Initializing extension XKEYBOARD
[  1322.539] (II) Initializing extension XC-MISC
[  1322.539] (II) Initializing extension SECURITY
[  1322.539] (II) Initializing extension XFIXES
[  1322.539] (II) Initializing extension RENDER
[  1322.539] (II) Initializing extension RANDR
[  1322.539] (II) Initializing extension COMPOSITE
[  1322.539] (II) Initializing extension DAMAGE
[  1322.539] (II) Initializing extension MIT-SCREEN-SAVER
[  1322.539] (II) Initializing extension DOUBLE-BUFFER
[  1322.539] (II) Initializing extension RECORD
[  1322.540] (II) Initializing extension DPMS
[  1322.540] (II) Initializing extension Present
[  1322.540] (II) Initializing extension DRI3
[  1322.540] (II) Initializing extension X-Resource
[  1322.540] (II) Initializing extension XVideo
[  1322.540] (II) Initializing extension XVideo-MotionCompensation
[  1322.540] (II) Initializing extension GLX
[  1322.540] (II) AIGLX: Screen 0 is not DRI2 capable
[  1323.297] (II) IGLX: Loaded and initialized swrast
[  1323.297] (II) GLX: Initialized DRISWRAST GL provider for screen 0
[  1323.297] (II) Initializing extension XFree86-VidModeExtension
[  1323.297] (II) Initializing extension XFree86-DGA
[  1323.297] (II) Initializing extension XFree86-DRI
[  1323.297] (II) Initializing extension DRI2
[  1323.338] (II) vmware(0): Setting screen physical size to 508 x 285
[  1323.927] (II) config/udev: Adding input device Power Button (/dev/input/event0)
[  1323.927] (**) Power Button: Applying InputClass "libinput keyboard catchall"
[  1323.927] (II) LoadModule: "libinput"
[  1323.928] (II) Loading /usr/lib/xorg/modules/input/libinput_drv.so
[  1324.048] (II) Module libinput: vendor="X.Org Foundation"
[  1324.048] 	compiled for 1.21.1.3, module version = 1.2.1
[  1324.048] 	Module class: X.Org XInput Driver
[  1324.048] 	ABI class: X.Org XInput driver, version 24.4
[  1324.048] (II) Using input driver 'libinput' for 'Power Button'
[  1324.049] (II) systemd-logind: got fd for /dev/input/event0 13:64 fd 21 paused 0
[  1324.049] (**) Power Button: always reports core events
[  1324.049] (**) Option "Device" "/dev/input/event0"
[  1324.135] (II) event0  - Power Button: is tagged by udev as: Keyboard
[  1324.135] (II) event0  - Power Button: device is a keyboard
[  1324.135] (II) event0  - Power Button: device removed
[  1324.135] (**) Option "config_info" "udev:/sys/devices/LNXSYSTM:00/LNXPWRBN:00/input/input0/event0"
[  1324.135] (II) XINPUT: Adding extended input device "Power Button" (type: KEYBOARD, id 6)
[  1324.137] (II) event0  - Power Button: is tagged by udev as: Keyboard
[  1324.137] (II) event0  - Power Button: device is a keyboard
[  1324.139] (II) config/udev: Adding input device VMware VMware Virtual USB Mouse (/dev/input/event1)
[  1324.139] (**) VMware VMware Virtual USB Mouse: Applying InputClass "libinput pointer catchall"
[  1324.139] (II) Using input driver 'libinput' for 'VMware VMware Virtual USB Mouse'
[  1324.196] (II) systemd-logind: got fd for /dev/input/event1 13:65 fd 24 paused 0
[  1324.196] (**) VMware VMware Virtual USB Mouse: always reports core events
[  1324.196] (**) Option "Device" "/dev/input/event1"
[  1324.199] (II) event1  - VMware VMware Virtual USB Mouse: is tagged by udev as: Mouse
[  1324.199] (II) event1  - VMware VMware Virtual USB Mouse: device is a pointer
[  1324.199] (II) event1  - VMware VMware Virtual USB Mouse: device removed
[  1324.199] (**) Option "config_info" "udev:/sys/devices/pci0000:00/0000:00:11.0/0000:02:00.0/usb2/2-1/2-1:1.0/0003:0E0F:0003.0001/input/input1/event1"
[  1324.199] (II) XINPUT: Adding extended input device "VMware VMware Virtual USB Mouse" (type: MOUSE, id 7)
[  1324.199] (**) Option "AccelerationScheme" "none"
[  1324.199] (**) VMware VMware Virtual USB Mouse: (accel) selected scheme none/0
[  1324.199] (**) VMware VMware Virtual USB Mouse: (accel) acceleration factor: 2.000
[  1324.199] (**) VMware VMware Virtual USB Mouse: (accel) acceleration threshold: 4
[  1324.201] (II) event1  - VMware VMware Virtual USB Mouse: is tagged by udev as: Mouse
[  1324.201] (II) event1  - VMware VMware Virtual USB Mouse: device is a pointer
[  1324.203] (II) config/udev: Adding input device VMware VMware Virtual USB Mouse (/dev/input/mouse0)
[  1324.203] (II) No input driver specified, ignoring this device.
[  1324.203] (II) This device may have been added with another device file.
[  1324.203] (II) config/udev: Adding input device AT Translated Set 2 keyboard (/dev/input/event2)
[  1324.203] (**) AT Translated Set 2 keyboard: Applying InputClass "libinput keyboard catchall"
[  1324.203] (II) Using input driver 'libinput' for 'AT Translated Set 2 keyboard'
[  1324.204] (II) systemd-logind: got fd for /dev/input/event2 13:66 fd 25 paused 0
[  1324.204] (**) AT Translated Set 2 keyboard: always reports core events
[  1324.204] (**) Option "Device" "/dev/input/event2"
[  1324.205] (II) event2  - AT Translated Set 2 keyboard: is tagged by udev as: Keyboard
[  1324.205] (II) event2  - AT Translated Set 2 keyboard: device is a keyboard
[  1324.206] (II) event2  - AT Translated Set 2 keyboard: device removed
[  1324.206] (**) Option "config_info" "udev:/sys/devices/platform/i8042/serio0/input/input2/event2"
[  1324.206] (II) XINPUT: Adding extended input device "AT Translated Set 2 keyboard" (type: KEYBOARD, id 8)
[  1324.207] (II) event2  - AT Translated Set 2 keyboard: is tagged by udev as: Keyboard
[  1324.207] (II) event2  - AT Translated Set 2 keyboard: device is a keyboard
[  1324.208] (II) config/udev: Adding input device VirtualPS/2 VMware VMMouse (/dev/input/event5)
[  1324.208] (**) VirtualPS/2 VMware VMMouse: Applying InputClass "libinput pointer catchall"
[  1324.208] (II) Using input driver 'libinput' for 'VirtualPS/2 VMware VMMouse'
[  1324.209] (II) systemd-logind: got fd for /dev/input/event5 13:69 fd 26 paused 0
[  1324.209] (**) VirtualPS/2 VMware VMMouse: always reports core events
[  1324.209] (**) Option "Device" "/dev/input/event5"
[  1324.210] (II) event5  - VirtualPS/2 VMware VMMouse: is tagged by udev as: Mouse
[  1324.210] (II) event5  - VirtualPS/2 VMware VMMouse: device is a pointer
[  1324.210] (II) event5  - VirtualPS/2 VMware VMMouse: device removed
[  1324.210] (**) Option "config_info" "udev:/sys/devices/platform/i8042/serio1/input/input5/event5"
[  1324.210] (II) XINPUT: Adding extended input device "VirtualPS/2 VMware VMMouse" (type: MOUSE, id 9)
[  1324.211] (**) Option "AccelerationScheme" "none"
[  1324.211] (**) VirtualPS/2 VMware VMMouse: (accel) selected scheme none/0
[  1324.211] (**) VirtualPS/2 VMware VMMouse: (accel) acceleration factor: 2.000
[  1324.211] (**) VirtualPS/2 VMware VMMouse: (accel) acceleration threshold: 4
[  1324.212] (II) event5  - VirtualPS/2 VMware VMMouse: is tagged by udev as: Mouse
[  1324.212] (II) event5  - VirtualPS/2 VMware VMMouse: device is a pointer
[  1324.212] (II) config/udev: Adding input device VirtualPS/2 VMware VMMouse (/dev/input/mouse2)
[  1324.212] (II) No input driver specified, ignoring this device.
[  1324.212] (II) This device may have been added with another device file.
[  1324.213] (II) config/udev: Adding input device VirtualPS/2 VMware VMMouse (/dev/input/event4)
[  1324.213] (**) VirtualPS/2 VMware VMMouse: Applying InputClass "libinput pointer catchall"
[  1324.213] (II) Using input driver 'libinput' for 'VirtualPS/2 VMware VMMouse'
[  1324.213] (II) systemd-logind: got fd for /dev/input/event4 13:68 fd 27 paused 0
[  1324.213] (**) VirtualPS/2 VMware VMMouse: always reports core events
[  1324.213] (**) Option "Device" "/dev/input/event4"
[  1324.215] (II) event4  - VirtualPS/2 VMware VMMouse: is tagged by udev as: Mouse
[  1324.215] (II) event4  - VirtualPS/2 VMware VMMouse: device is a pointer
[  1324.216] (II) event4  - VirtualPS/2 VMware VMMouse: device removed
[  1324.216] (**) Option "config_info" "udev:/sys/devices/platform/i8042/serio1/input/input6/event4"
[  1324.216] (II) XINPUT: Adding extended input device "VirtualPS/2 VMware VMMouse" (type: MOUSE, id 10)
[  1324.216] (**) Option "AccelerationScheme" "none"
[  1324.216] (**) VirtualPS/2 VMware VMMouse: (accel) selected scheme none/0
[  1324.216] (**) VirtualPS/2 VMware VMMouse: (accel) acceleration factor: 2.000
[  1324.216] (**) VirtualPS/2 VMware VMMouse: (accel) acceleration threshold: 4
[  1324.218] (II) event4  - VirtualPS/2 VMware VMMouse: is tagged by udev as: Mouse
[  1324.218] (II) event4  - VirtualPS/2 VMware VMMouse: device is a pointer
[  1324.219] (II) config/udev: Adding input device VirtualPS/2 VMware VMMouse (/dev/input/mouse1)
[  1324.219] (II) No input driver specified, ignoring this device.
[  1324.219] (II) This device may have been added with another device file.
[  1324.219] (II) config/udev: Adding input device PC Speaker (/dev/input/event3)
[  1324.219] (II) No input driver specified, ignoring this device.
[  1324.219] (II) This device may have been added with another device file.
[  1754.001] (!!) vmware(0): New layout.
[  1754.002] (!!) vmware(0): 0: 0 0 796 595
[  1754.002] (!!) vmware(0): 
[  1763.474] (!!) vmware(0): New layout.
[  1763.474] (!!) vmware(0): 0: 0 0 1920 1080
[  1763.474] (!!) vmware(0): 
[  1763.526] (EE) No surface to present from.
[  2126.257] (!!) vmware(0): New layout.
[  2126.258] (!!) vmware(0): 0: 0 0 796 595
[  2126.258] (!!) vmware(0): 
[  2134.309] (!!) vmware(0): New layout.
[  2134.309] (!!) vmware(0): 0: 0 0 1920 1080
[  2134.309] (!!) vmware(0): 
[  2134.386] (EE) No surface to present from.
[  2141.629] (EE) event2  - AT Translated Set 2 keyboard: client bug: event processing lagging behind by 41ms, your system is too slow
[  2373.861] (!!) vmware(0): New layout.
[  2373.861] (!!) vmware(0): 0: 0 0 796 595
[  2373.861] (!!) vmware(0): 
[  2378.550] (!!) vmware(0): New layout.
[  2378.550] (!!) vmware(0): 0: 0 0 1914 934
[  2378.550] (!!) vmware(0): 
[  2378.606] (EE) No surface to present from.
[  2381.914] (!!) vmware(0): New layout.
[  2381.914] (!!) vmware(0): 0: 0 0 1920 1080
[  2381.914] (!!) vmware(0): 
[  2382.062] (EE) No surface to present from.
[  3444.306] (EE) event4  - VirtualPS/2 VMware VMMouse: client bug: event processing lagging behind by 41ms, your system is too slow
[  4722.919] (!!) vmware(0): New layout.
[  4722.920] (!!) vmware(0): 0: 0 0 1914 934
[  4722.920] (!!) vmware(0): 
[  4771.121] (!!) vmware(0): New layout.
[  4771.121] (!!) vmware(0): 0: 0 0 1920 1080
[  4771.121] (!!) vmware(0): 
[  4771.495] (EE) No surface to present from.
[  5856.235] (!!) vmware(0): New layout.
[  5856.235] (!!) vmware(0): 0: 0 0 1914 934
[  5856.235] (!!) vmware(0): 
[  5873.446] (!!) vmware(0): New layout.
[  5873.446] (!!) vmware(0): 0: 0 0 1920 1080
[  5873.446] (!!) vmware(0): 
[  5873.476] (EE) No surface to present from.
[  6375.300] (EE) event4  - VirtualPS/2 VMware VMMouse: client bug: event processing lagging behind by 44ms, your system is too slow
[  6527.041] (!!) vmware(0): New layout.
[  6527.041] (!!) vmware(0): 0: 0 0 1914 934
[  6527.041] (!!) vmware(0): 
[  7281.644] (!!) vmware(0): New layout.
[  7281.698] (!!) vmware(0): 0: 0 0 1920 1080
[  7281.698] (!!) vmware(0): 
[  7284.103] (EE) No surface to present from.
[  7392.330] (EE) event4  - VirtualPS/2 VMware VMMouse: client bug: event processing lagging behind by 24ms, your system is too slow
[  7409.106] (EE) event4  - VirtualPS/2 VMware VMMouse: client bug: event processing lagging behind by 25ms, your system is too slow
[  7710.861] (EE) event4  - VirtualPS/2 VMware VMMouse: client bug: event processing lagging behind by 30ms, your system is too slow
[  8820.258] (EE) event4  - VirtualPS/2 VMware VMMouse: client bug: event processing lagging behind by 454ms, your system is too slow
[ 10518.148] (EE) event4  - VirtualPS/2 VMware VMMouse: client bug: event processing lagging behind by 24ms, your system is too slow
[ 10518.148] (EE) event4  - VirtualPS/2 VMware VMMouse: WARNING: log rate limit exceeded (5 msgs per 60min). Discarding future messages.
[ 10518.148] (EE) event5  - VirtualPS/2 VMware VMMouse: client bug: event processing lagging behind by 24ms, your system is too slow
